<?xml version="1.0" encoding="UTF-8"?>
<testng-results skipped="0" failed="0" total="1" passed="1">
  <reporter-output>
  </reporter-output>
  <suite name="Default suite" duration-ms="14784" started-at="2017-12-10T01:51:00Z" finished-at="2017-12-10T01:51:15Z">
    <groups>
    </groups>
    <test name="Default test" duration-ms="14784" started-at="2017-12-10T01:51:00Z" finished-at="2017-12-10T01:51:15Z">
      <class name="com.selenium.Assg.JseExecutorAssg">
        <test-method status="PASS" signature="chromePrg()[pri:0, instance:com.selenium.Assg.JseExecutorAssg@5315b42e]" name="chromePrg" duration-ms="14774" started-at="2017-12-09T20:51:00Z" finished-at="2017-12-09T20:51:15Z">
          <reporter-output>
          </reporter-output>
        </test-method> <!-- chromePrg -->
      </class> <!-- com.selenium.Assg.JseExecutorAssg -->
    </test> <!-- Default test -->
  </suite> <!-- Default suite -->
</testng-results>
